samples/vuforia-samples-core-android-6-5-19/app/build/outputs/logs/manifest-merger-debug-report.txt
-- Merging decision tree log ---
manifest
ADDED from src/main/AndroidManifest.xml:2:1-185:12
	package
		ADDED from src/main/AndroidManifest.xml:3:5-49
		INJECTED from src/main/AndroidManifest.xml
		INJECTED from src/main/AndroidManifest.xml
	android:versionName
		ADDED from src/main/AndroidManifest.xml:5:5-30
		INJECTED from src/main/AndroidManifest.xml
		INJECTED from src/main/AndroidManifest.xml
	android:versionCode
		ADDED from src/main/AndroidManifest.xml:4:5-30
		INJECTED from src/main/AndroidManifest.xml
		INJECTED from src/main/AndroidManifest.xml
	xmlns:android
		ADDED from src/main/AndroidManifest.xml:2:11-69
uses-sdk
ADDED from src/main/AndroidManifest.xml:13:5-15:41
MERGED from [com.android.support.constraint:constraint-layout:1.0.2] AndroidManifest.xml:5:5-7:41
MERGED from [com.android.support:design:26.0.0-alpha1] AndroidManifest.xml:21:5-23:62
MERGED from [com.android.support:appcompat-v7:26.0.0-alpha1] AndroidManifest.xml:21:5-23:78
MERGED from [com.android.support:animated-vector-drawable:26.0.0-alpha1] AndroidManifest.xml:20:5-44
MERGED from [com.android.support:support-vector-drawable:26.0.0-alpha1] AndroidManifest.xml:20:5-44
MERGED from [com.android.support:recyclerview-v7:26.0.0-alpha1] AndroidManifest.xml:20:5-44
MERGED from [com.android.support:transition:26.0.0-alpha1] AndroidManifest.xml:20:5-44
MERGED from [com.android.support:support-v4:26.0.0-alpha1] AndroidManifest.xml:21:5-23:54
MERGED from [com.android.support:support-media-compat:26.0.0-alpha1] AndroidManifest.xml:21:5-23:63
MERGED from [com.android.support:support-fragment:26.0.0-alpha1] AndroidManifest.xml:21:5-23:60
MERGED from [com.android.support:support-core-ui:26.0.0-alpha1] AndroidManifest.xml:21:5-23:58
MERGED from [com.android.support:support-core-utils:26.0.0-alpha1] AndroidManifest.xml:21:5-23:61
MERGED from [com.android.support:support-compat:26.0.0-alpha1] AndroidManifest.xml:21:5-23:58
	tools:overrideLibrary
		ADDED from [com.android.support:design:26.0.0-alpha1] AndroidManifest.xml:23:9-59
	android:targetSdkVersion
		ADDED from src/main/AndroidManifest.xml:15:9-38
		INJECTED from src/main/AndroidManifest.xml
		INJECTED from src/main/AndroidManifest.xml
	android:minSdkVersion
		ADDED from src/main/AndroidManifest.xml:14:9-35
		INJECTED from src/main/AndroidManifest.xml
		INJECTED from src/main/AndroidManifest.xml
uses-feature#0x00020000
ADDED from src/main/AndroidManifest.xml:17:5-54
	android:glEsVersion
		ADDED from src/main/AndroidManifest.xml:17:19-51
uses-feature#android.hardware.camera
ADDED from src/main/AndroidManifest.xml:33:5-60
	android:name
		ADDED from src/main/AndroidManifest.xml:33:19-57
uses-permission#android.permission.CAMERA
ADDED from src/main/AndroidManifest.xml:36:5-65
	android:name
		ADDED from src/main/AndroidManifest.xml:36:22-62
uses-permission#android.permission.INTERNET
ADDED from src/main/AndroidManifest.xml:39:5-67
	android:name
		ADDED from src/main/AndroidManifest.xml:39:22-64
uses-permission#android.permission.READ_EXTERNAL_STORAGE
ADDED from src/main/AndroidManifest.xml:45:5-80
	android:name
		ADDED from src/main/AndroidManifest.xml:45:22-77
uses-permission#android.permission.WRITE_EXTERNAL_STORAGE
ADDED from src/main/AndroidManifest.xml:49:5-81
	android:name
		ADDED from src/main/AndroidManifest.xml:49:22-78
uses-permission#android.permission.ACCESS_NETWORK_STATE
ADDED from src/main/AndroidManifest.xml:51:5-79
	android:name
		ADDED from src/main/AndroidManifest.xml:51:22-76
uses-permission#android.permission.ACCESS_COARSE_LOCATION
ADDED from src/main/AndroidManifest.xml:53:5-81
	android:name
		ADDED from src/main/AndroidManifest.xml:53:22-78
uses-permission#android.permission.ACCESS_FINE_LOCATION
ADDED from src/main/AndroidManifest.xml:55:5-79
	android:name
		ADDED from src/main/AndroidManifest.xml:55:22-76
uses-permission#android.permission.ACCESS_WIFI_STATE
ADDED from src/main/AndroidManifest.xml:57:5-76
	android:name
		ADDED from src/main/AndroidManifest.xml:57:22-73
uses-permission#android.permission.CHANGE_WIFI_STATE
ADDED from src/main/AndroidManifest.xml:59:5-76
	android:name
		ADDED from src/main/AndroidManifest.xml:59:22-73
uses-permission#android.permission.READ_PHONE_STATE
ADDED from src/main/AndroidManifest.xml:61:5-75
	android:name
		ADDED from src/main/AndroidManifest.xml:61:22-72
uses-permission#android.permission.ACCESS_LOCATION_EXTRA_COMMANDS
ADDED from src/main/AndroidManifest.xml:63:5-89
	android:name
		ADDED from src/main/AndroidManifest.xml:63:22-86
uses-permission#android.permission.BLUETOOTH
ADDED from src/main/AndroidManifest.xml:65:5-68
	android:name
		ADDED from src/main/AndroidManifest.xml:65:22-65
uses-permission#android.permission.BLUETOOTH_ADMIN
ADDED from src/main/AndroidManifest.xml:66:5-74
	android:name
		ADDED from src/main/AndroidManifest.xml:66:22-71
uses-permission#android.permission.VIBRATE
ADDED from src/main/AndroidManifest.xml:67:5-66
	android:name
		ADDED from src/main/AndroidManifest.xml:67:22-63
application
ADDED from src/main/AndroidManifest.xml:79:5-183:19
MERGED from [com.android.support.constraint:constraint-layout:1.0.2] AndroidManifest.xml:9:5-20
MERGED from [com.android.support:design:26.0.0-alpha1] AndroidManifest.xml:29:5-20
MERGED from [com.android.support:appcompat-v7:26.0.0-alpha1] AndroidManifest.xml:29:5-20
MERGED from [com.android.support:animated-vector-drawable:26.0.0-alpha1] AndroidManifest.xml:26:5-20
MERGED from [com.android.support:support-vector-drawable:26.0.0-alpha1] AndroidManifest.xml:26:5-20
MERGED from [com.android.support:transition:26.0.0-alpha1] AndroidManifest.xml:26:5-20
MERGED from [com.android.support:support-v4:26.0.0-alpha1] AndroidManifest.xml:29:5-20
MERGED from [com.android.support:support-media-compat:26.0.0-alpha1] AndroidManifest.xml:29:5-20
MERGED from [com.android.support:support-fragment:26.0.0-alpha1] AndroidManifest.xml:29:5-20
MERGED from [com.android.support:support-core-ui:26.0.0-alpha1] AndroidManifest.xml:29:5-20
MERGED from [com.android.support:support-core-utils:26.0.0-alpha1] AndroidManifest.xml:29:5-20
MERGED from [com.android.support:support-compat:26.0.0-alpha1] AndroidManifest.xml:29:5-20
	android:label
		ADDED from src/main/AndroidManifest.xml:82:9-32
	android:supportsRtl
		ADDED from src/main/AndroidManifest.xml:85:9-35
	android:launchMode
		ADDED from src/main/AndroidManifest.xml:83:9-40
	android:allowBackup
		ADDED from src/main/AndroidManifest.xml:80:9-35
	android:icon
		ADDED from src/main/AndroidManifest.xml:81:9-43
	android:theme
		ADDED from src/main/AndroidManifest.xml:84:9-47
meta-data#com.amap.api.v2.apikey
ADDED from src/main/AndroidManifest.xml:86:9-88:64
	android:value
		ADDED from src/main/AndroidManifest.xml:88:13-61
	android:name
		ADDED from src/main/AndroidManifest.xml:87:13-50
service#com.amap.api.location.APSService
ADDED from src/main/AndroidManifest.xml:90:9-68
	android:name
		ADDED from src/main/AndroidManifest.xml:90:18-65
activity#com.vuforia.samples.VuforiaSamples.ui.ActivityList.ActivityLauncher
ADDED from src/main/AndroidManifest.xml:92:9-95:52
	android:screenOrientation
		ADDED from src/main/AndroidManifest.xml:95:13-49
	android:configChanges
		ADDED from src/main/AndroidManifest.xml:94:13-93
	android:name
		ADDED from src/main/AndroidManifest.xml:93:13-61
activity#com.vuforia.samples.VuforiaSamples.ui.ActivityList.AboutScreen
ADDED from src/main/AndroidManifest.xml:96:9-100:52
	android:screenOrientation
		ADDED from src/main/AndroidManifest.xml:100:13-49
	android:noHistory
		ADDED from src/main/AndroidManifest.xml:99:13-37
	android:configChanges
		ADDED from src/main/AndroidManifest.xml:98:13-93
	android:name
		ADDED from src/main/AndroidManifest.xml:97:13-56
activity#com.vuforia.samples.VuforiaSamples.app.ImageTargets.ImageTargets
ADDED from src/main/AndroidManifest.xml:101:9-105:54
	android:launchMode
		ADDED from src/main/AndroidManifest.xml:104:13-44
	android:configChanges
		ADDED from src/main/AndroidManifest.xml:103:13-93
	android:theme
		ADDED from src/main/AndroidManifest.xml:105:13-51
	android:name
		ADDED from src/main/AndroidManifest.xml:102:13-58
activity#com.vuforia.samples.VuforiaSamples.app.VuMark.VuMark
ADDED from src/main/AndroidManifest.xml:106:9-110:54
	android:launchMode
		ADDED from src/main/AndroidManifest.xml:109:13-44
	android:configChanges
		ADDED from src/main/AndroidManifest.xml:108:13-93
	android:theme
		ADDED from src/main/AndroidManifest.xml:110:13-51
	android:name
		ADDED from src/main/AndroidManifest.xml:107:13-46
activity#com.vuforia.samples.VuforiaSamples.app.TextRecognition.TextReco
ADDED from src/main/AndroidManifest.xml:111:9-115:54
	android:launchMode
		ADDED from src/main/AndroidManifest.xml:114:13-44
	android:configChanges
		ADDED from src/main/AndroidManifest.xml:113:13-93
	android:theme
		ADDED from src/main/AndroidManifest.xml:115:13-51
	android:name
		ADDED from src/main/AndroidManifest.xml:112:13-57
activity#com.vuforia.samples.VuforiaSamples.app.CylinderTargets.CylinderTargets
ADDED from src/main/AndroidManifest.xml:116:9-120:54
	android:launchMode
		ADDED from src/main/AndroidManifest.xml:119:13-44
	android:configChanges
		ADDED from src/main/AndroidManifest.xml:118:13-93
	android:theme
		ADDED from src/main/AndroidManifest.xml:120:13-51
	android:name
		ADDED from src/main/AndroidManifest.xml:117:13-64
activity#com.vuforia.samples.VuforiaSamples.app.VirtualButtons.VirtualButtons
ADDED from src/main/AndroidManifest.xml:121:9-125:54
	android:launchMode
		ADDED from src/main/AndroidManifest.xml:124:13-44
	android:configChanges
		ADDED from src/main/AndroidManifest.xml:123:13-93
	android:theme
		ADDED from src/main/AndroidManifest.xml:125:13-51
	android:name
		ADDED from src/main/AndroidManifest.xml:122:13-62
activity#com.vuforia.samples.VuforiaSamples.app.UserDefinedTargets.UserDefinedTargets
ADDED from src/main/AndroidManifest.xml:126:9-130:54
	android:launchMode
		ADDED from src/main/AndroidManifest.xml:129:13-44
	android:configChanges
		ADDED from src/main/AndroidManifest.xml:128:13-93
	android:theme
		ADDED from src/main/AndroidManifest.xml:130:13-51
	android:name
		ADDED from src/main/AndroidManifest.xml:127:13-70
activity#com.vuforia.samples.VuforiaSamples.app.MultiTargets.MultiTargets
ADDED from src/main/AndroidManifest.xml:131:9-135:54
	android:launchMode
		ADDED from src/main/AndroidManifest.xml:134:13-44
	android:configChanges
		ADDED from src/main/AndroidManifest.xml:133:13-93
	android:theme
		ADDED from src/main/AndroidManifest.xml:135:13-51
	android:name
		ADDED from src/main/AndroidManifest.xml:132:13-58
activity#com.vuforia.samples.VuforiaSamples.app.CloudRecognition.CloudReco
ADDED from src/main/AndroidManifest.xml:136:9-140:54
	android:launchMode
		ADDED from src/main/AndroidManifest.xml:139:13-44
	android:configChanges
		ADDED from src/main/AndroidManifest.xml:138:13-93
	android:theme
		ADDED from src/main/AndroidManifest.xml:140:13-51
	android:name
		ADDED from src/main/AndroidManifest.xml:137:13-59
activity#com.vuforia.samples.VuforiaSamples.app.ObjectRecognition.ObjectTargets
ADDED from src/main/AndroidManifest.xml:141:9-145:54
	android:launchMode
		ADDED from src/main/AndroidManifest.xml:144:13-44
	android:configChanges
		ADDED from src/main/AndroidManifest.xml:143:13-93
	android:theme
		ADDED from src/main/AndroidManifest.xml:145:13-51
	android:name
		ADDED from src/main/AndroidManifest.xml:142:13-64
activity#com.vuforia.samples.VuforiaSamples.ui.ActivityList.SplashActivity
ADDED from src/main/AndroidManifest.xml:146:9-154:20
	android:label
		ADDED from src/main/AndroidManifest.xml:148:13-58
	android:name
		ADDED from src/main/AndroidManifest.xml:147:13-59
intent-filter#android.intent.action.MAIN+android.intent.category.LAUNCHER
ADDED from src/main/AndroidManifest.xml:149:13-153:29
action#android.intent.action.MAIN
ADDED from src/main/AndroidManifest.xml:150:17-69
	android:name
		ADDED from src/main/AndroidManifest.xml:150:25-66
category#android.intent.category.LAUNCHER
ADDED from src/main/AndroidManifest.xml:152:17-77
	android:name
		ADDED from src/main/AndroidManifest.xml:152:27-74
activity#com.vuforia.samples.VuforiaSamples.ui.ActivityList.SignInActivity
ADDED from src/main/AndroidManifest.xml:155:9-157:62
	android:label
		ADDED from src/main/AndroidManifest.xml:157:13-59
	android:name
		ADDED from src/main/AndroidManifest.xml:156:13-59
activity#com.vuforia.samples.VuforiaSamples.ui.ActivityList.SignUpActivity
ADDED from src/main/AndroidManifest.xml:158:9-160:62
	android:label
		ADDED from src/main/AndroidManifest.xml:160:13-59
	android:name
		ADDED from src/main/AndroidManifest.xml:159:13-59
activity#com.vuforia.samples.VuforiaSamples.ui.ActivityList.MainActivity
ADDED from src/main/AndroidManifest.xml:161:9-163:59
	android:label
		ADDED from src/main/AndroidManifest.xml:163:13-56
	android:name
		ADDED from src/main/AndroidManifest.xml:162:13-57
activity#com.vuforia.samples.VuforiaSamples.ui.ActivityList.RunActivity
ADDED from src/main/AndroidManifest.xml:164:9-166:58
	android:label
		ADDED from src/main/AndroidManifest.xml:166:13-55
	android:name
		ADDED from src/main/AndroidManifest.xml:165:13-56
activity#com.vuforia.samples.VuforiaSamples.ui.ActivityList.MissionActivity
ADDED from src/main/AndroidManifest.xml:167:9-170:74
	android:label
		ADDED from src/main/AndroidManifest.xml:169:13-36
	android:theme
		ADDED from src/main/AndroidManifest.xml:170:13-71
	android:name
		ADDED from src/main/AndroidManifest.xml:168:13-60
activity#com.vuforia.samples.VuforiaSamples.ui.ActivityList.FigureActivity
ADDED from src/main/AndroidManifest.xml:171:9-174:74
	android:label
		ADDED from src/main/AndroidManifest.xml:173:13-34
	android:theme
		ADDED from src/main/AndroidManifest.xml:174:13-71
	android:name
		ADDED from src/main/AndroidManifest.xml:172:13-59
activity#com.vuforia.samples.VuforiaSamples.ui.ActivityList.ResultActivity
ADDED from src/main/AndroidManifest.xml:175:9-177:61
	android:label
		ADDED from src/main/AndroidManifest.xml:177:13-58
	android:name
		ADDED from src/main/AndroidManifest.xml:176:13-59
activity#com.vuforia.samples.VuforiaSamples.ui.ActivityList.historyActivity
ADDED from src/main/AndroidManifest.xml:178:9-182:20
	android:label
		ADDED from src/main/AndroidManifest.xml:180:13-36
	android:theme
		ADDED from src/main/AndroidManifest.xml:181:13-71
	android:name
		ADDED from src/main/AndroidManifest.xml:179:13-60
meta-data#android.support.VERSION
ADDED from [com.android.support:design:26.0.0-alpha1] AndroidManifest.xml:25:5-27:41
MERGED from [com.android.support:appcompat-v7:26.0.0-alpha1] AndroidManifest.xml:25:5-27:41
MERGED from [com.android.support:animated-vector-drawable:26.0.0-alpha1] AndroidManifest.xml:22:5-24:41
MERGED from [com.android.support:support-vector-drawable:26.0.0-alpha1] AndroidManifest.xml:22:5-24:41
MERGED from [com.android.support:recyclerview-v7:26.0.0-alpha1] AndroidManifest.xml:22:5-24:41
MERGED from [com.android.support:transition:26.0.0-alpha1] AndroidManifest.xml:22:5-24:41
MERGED from [com.android.support:support-v4:26.0.0-alpha1] AndroidManifest.xml:25:5-27:41
MERGED from [com.android.support:support-media-compat:26.0.0-alpha1] AndroidManifest.xml:25:5-27:41
MERGED from [com.android.support:support-fragment:26.0.0-alpha1] AndroidManifest.xml:25:5-27:41
MERGED from [com.android.support:support-core-ui:26.0.0-alpha1] AndroidManifest.xml:25:5-27:41
MERGED from [com.android.support:support-core-utils:26.0.0-alpha1] AndroidManifest.xml:25:5-27:41
MERGED from [com.android.support:support-compat:26.0.0-alpha1] AndroidManifest.xml:25:5-27:41
	android:value
		ADDED from [com.android.support:design:26.0.0-alpha1] AndroidManifest.xml:27:9-38
	android:name
		ADDED from [com.android.support:design:26.0.0-alpha1] AndroidManifest.xml:26:9-47